======================================================================
VIPR CLASSIFICATION - BACKBONE BENCHMARK
======================================================================
Job started on b6-1 at Sun Mar  8 18:11:06 EDT 2026
Job ID: 43347601
======================================================================

GPU Information:
Sun Mar  8 18:11:06 2026       
+-----------------------------------------------------------------------------------------+
| NVIDIA-SMI 570.124.06             Driver Version: 570.124.06     CUDA Version: 12.8     |
|-----------------------------------------+------------------------+----------------------+
| GPU  Name                 Persistence-M | Bus-Id          Disp.A | Volatile Uncorr. ECC |
| Fan  Temp   Perf          Pwr:Usage/Cap |           Memory-Usage | GPU-Util  Compute M. |
|                                         |                        |               MIG M. |
|=========================================+========================+======================|
|   0  NVIDIA A100-SXM4-80GB          On  |   00000000:41:00.0 Off |                    0 |
| N/A   26C    P0             60W /  500W |       1MiB /  81920MiB |      0%      Default |
|                                         |                        |             Disabled |
+-----------------------------------------+------------------------+----------------------+
                                                                                         
+-----------------------------------------------------------------------------------------+
| Processes:                                                                              |
|  GPU   GI   CI              PID   Type   Process name                        GPU Memory |
|        ID   ID                                                               Usage      |
|=========================================================================================|
|  No running processes found                                                             |
+-----------------------------------------------------------------------------------------+

Loading modules...

Activating virtual environment...

Python: /scratch/vk44347/workDir/scratch_venv/bin/python
PyTorch version: 2.0.1+cu117
CUDA available: True

======================================================================
Starting training with config: configs/alexnet.json
======================================================================


============================================================
Starting Experiment: alexnet_frozen
============================================================

[Device] cuda
[Data] Train: 3840, Val: 1096, Test: 553
[Model] alexnet: 61,203,268 params, 58,733,572 trainable

======================================================================
Job finished at Sun Mar  8 18:11:22 EDT 2026
======================================================================
