======================================================================
VIPR CLASSIFICATION - BACKBONE BENCHMARK
======================================================================
Job started on b6-4 at Sun Mar  1 18:32:06 EST 2026
Job ID: 43162114
======================================================================

GPU Information:
Sun Mar  1 18:32:06 2026       
+-----------------------------------------------------------------------------------------+
| NVIDIA-SMI 590.48.01              Driver Version: 590.48.01      CUDA Version: 13.1     |
+-----------------------------------------+------------------------+----------------------+
| GPU  Name                 Persistence-M | Bus-Id          Disp.A | Volatile Uncorr. ECC |
| Fan  Temp   Perf          Pwr:Usage/Cap |           Memory-Usage | GPU-Util  Compute M. |
|                                         |                        |               MIG M. |
|=========================================+========================+======================|
|   0  NVIDIA A100-SXM4-80GB          On  |   00000000:41:00.0 Off |                    0 |
| N/A   39C    P0             84W /  500W |       0MiB /  81920MiB |     52%      Default |
|                                         |                        |             Disabled |
+-----------------------------------------+------------------------+----------------------+

+-----------------------------------------------------------------------------------------+
| Processes:                                                                              |
|  GPU   GI   CI              PID   Type   Process name                        GPU Memory |
|        ID   ID                                                               Usage      |
|=========================================================================================|
|  No running processes found                                                             |
+-----------------------------------------------------------------------------------------+

Loading modules...

Activating virtual environment...

Python: /scratch/vk44347/workDir/scratch_venv/bin/python
PyTorch version: 2.0.1+cu117
CUDA available: True

======================================================================
Starting training with config: configs/json.net
======================================================================


======================================================================
Job finished at Sun Mar  1 18:32:28 EST 2026
======================================================================
