======================================================================
VIPR CLASSIFICATION - BACKBONE BENCHMARK
======================================================================
Job started on b7-1 at Mon Feb 23 18:06:09 EST 2026
Job ID: 43000358
======================================================================

GPU Information:
Mon Feb 23 18:06:09 2026       
+-----------------------------------------------------------------------------------------+
| NVIDIA-SMI 570.124.06             Driver Version: 570.124.06     CUDA Version: 12.8     |
|-----------------------------------------+------------------------+----------------------+
| GPU  Name                 Persistence-M | Bus-Id          Disp.A | Volatile Uncorr. ECC |
| Fan  Temp   Perf          Pwr:Usage/Cap |           Memory-Usage | GPU-Util  Compute M. |
|                                         |                        |               MIG M. |
|=========================================+========================+======================|
|   0  NVIDIA A100-SXM4-80GB          On  |   00000000:41:00.0 Off |                    0 |
| N/A   22C    P0             58W /  500W |       1MiB /  81920MiB |      0%      Default |
|                                         |                        |             Disabled |
+-----------------------------------------+------------------------+----------------------+
                                                                                         
+-----------------------------------------------------------------------------------------+
| Processes:                                                                              |
|  GPU   GI   CI              PID   Type   Process name                        GPU Memory |
|        ID   ID                                                               Usage      |
|=========================================================================================|
|  No running processes found                                                             |
+-----------------------------------------------------------------------------------------+

Loading modules...

Activating virtual environment...

Python: /apps/eb/Python/3.10.4-GCCcore-11.3.0/bin/python
PyTorch version: 
CUDA available: 

======================================================================
Starting training with config: configs/vgg-16.json
======================================================================


======================================================================
Job finished at Mon Feb 23 18:06:14 EST 2026
======================================================================
